0 info it worked if it ends with ok
1 verbose cli [ '/usr/bin/nodejs', '/usr/bin/npm', 'install', 'adm-zip' ]
2 info using npm@1.3.10
3 info using node@v0.10.25
4 warn package.json framework@1.0.0 No repository field.
5 warn package.json framework@1.0.0 No README data
6 warn package.json fs@0.0.2 No repository field.
7 warn package.json http@0.0.0 No repository field.
8 warn package.json https@1.0.0 No repository field.
9 verbose readDependencies using package.json deps
10 verbose cache add [ 'adm-zip@~0.4.7', null ]
11 verbose cache add name=undefined spec="adm-zip@~0.4.7" args=["adm-zip@~0.4.7",null]
12 verbose parsed url { protocol: null,
12 verbose parsed url   slashes: null,
12 verbose parsed url   auth: null,
12 verbose parsed url   host: null,
12 verbose parsed url   port: null,
12 verbose parsed url   hostname: null,
12 verbose parsed url   hash: null,
12 verbose parsed url   search: null,
12 verbose parsed url   query: null,
12 verbose parsed url   pathname: 'adm-zip@~0.4.7',
12 verbose parsed url   path: 'adm-zip@~0.4.7',
12 verbose parsed url   href: 'adm-zip@~0.4.7' }
13 verbose cache add name="adm-zip" spec="~0.4.7" args=["adm-zip","~0.4.7"]
14 verbose parsed url { protocol: null,
14 verbose parsed url   slashes: null,
14 verbose parsed url   auth: null,
14 verbose parsed url   host: null,
14 verbose parsed url   port: null,
14 verbose parsed url   hostname: null,
14 verbose parsed url   hash: null,
14 verbose parsed url   search: null,
14 verbose parsed url   query: null,
14 verbose parsed url   pathname: '~0.4.7',
14 verbose parsed url   path: '~0.4.7',
14 verbose parsed url   href: '~0.4.7' }
15 verbose addNamed [ 'adm-zip', '~0.4.7' ]
16 verbose addNamed [ null, '>=0.4.7-0 <0.5.0-0' ]
17 silly lockFile 87304577-adm-zip-0-4-7 adm-zip@~0.4.7
18 verbose lock adm-zip@~0.4.7 /home/psslass11136/.npm/87304577-adm-zip-0-4-7.lock
19 silly addNameRange { name: 'adm-zip', range: '>=0.4.7-0 <0.5.0-0', hasData: false }
20 verbose url raw adm-zip
21 verbose url resolving [ 'https://registry.npmjs.org/', './adm-zip' ]
22 verbose url resolved https://registry.npmjs.org/adm-zip
23 info trying registry request attempt 1 at 16:41:43
24 verbose etag "2Q7VN0LGRPG7PYHBBRGF1M51C"
25 http GET https://registry.npmjs.org/adm-zip
26 http 304 https://registry.npmjs.org/adm-zip
27 silly registry.get cb [ 304,
27 silly registry.get   { date: 'Thu, 05 May 2016 11:11:43 GMT',
27 silly registry.get     via: '1.1 varnish',
27 silly registry.get     'cache-control': 'max-age=300',
27 silly registry.get     etag: '"2Q7VN0LGRPG7PYHBBRGF1M51C"',
27 silly registry.get     age: '0',
27 silly registry.get     connection: 'keep-alive',
27 silly registry.get     'x-served-by': 'cache-sin6926-SIN',
27 silly registry.get     'x-cache': 'HIT',
27 silly registry.get     'x-cache-hits': '1',
27 silly registry.get     'x-timer': 'S1462446703.429161,VS0,VE212',
27 silly registry.get     vary: 'Accept-Encoding' } ]
28 verbose etag adm-zip from cache
29 silly addNameRange number 2 { name: 'adm-zip', range: '>=0.4.7-0 <0.5.0-0', hasData: true }
30 silly addNameRange versions [ 'adm-zip',
30 silly addNameRange   [ '0.1.1',
30 silly addNameRange     '0.1.2',
30 silly addNameRange     '0.1.3',
30 silly addNameRange     '0.1.4',
30 silly addNameRange     '0.1.5',
30 silly addNameRange     '0.1.6',
30 silly addNameRange     '0.1.7',
30 silly addNameRange     '0.1.8',
30 silly addNameRange     '0.1.9',
30 silly addNameRange     '0.2.0',
30 silly addNameRange     '0.2.1',
30 silly addNameRange     '0.4.3',
30 silly addNameRange     '0.4.4',
30 silly addNameRange     '0.4.5',
30 silly addNameRange     '0.4.6',
30 silly addNameRange     '0.4.7' ] ]
31 verbose addNamed [ 'adm-zip', '0.4.7' ]
32 verbose addNamed [ '0.4.7', '0.4.7' ]
33 silly lockFile df55e916-adm-zip-0-4-7 adm-zip@0.4.7
34 verbose lock adm-zip@0.4.7 /home/psslass11136/.npm/df55e916-adm-zip-0-4-7.lock
35 silly lockFile 3a690c87-js-org-adm-zip-adm-zip-0-4-7-tgz https://registry.npmjs.org/adm-zip/-/adm-zip-0.4.7.tgz
36 verbose lock https://registry.npmjs.org/adm-zip/-/adm-zip-0.4.7.tgz /home/psslass11136/.npm/3a690c87-js-org-adm-zip-adm-zip-0-4-7-tgz.lock
37 verbose addRemoteTarball [ 'https://registry.npmjs.org/adm-zip/-/adm-zip-0.4.7.tgz',
37 verbose addRemoteTarball   '8606c2cbf1c426ce8c8ec00174447fd49b6eafc1' ]
38 silly lockFile 3a690c87-js-org-adm-zip-adm-zip-0-4-7-tgz https://registry.npmjs.org/adm-zip/-/adm-zip-0.4.7.tgz
39 silly lockFile 3a690c87-js-org-adm-zip-adm-zip-0-4-7-tgz https://registry.npmjs.org/adm-zip/-/adm-zip-0.4.7.tgz
40 silly lockFile df55e916-adm-zip-0-4-7 adm-zip@0.4.7
41 silly lockFile df55e916-adm-zip-0-4-7 adm-zip@0.4.7
42 silly lockFile 87304577-adm-zip-0-4-7 adm-zip@~0.4.7
43 silly lockFile 87304577-adm-zip-0-4-7 adm-zip@~0.4.7
44 error Error: EACCES, mkdir '/home/psslass11136/tmp/npm-21623-E1TUq6b3'
44 error  { [Error: EACCES, mkdir '/home/psslass11136/tmp/npm-21623-E1TUq6b3']
44 error   errno: 3,
44 error   code: 'EACCES',
44 error   path: '/home/psslass11136/tmp/npm-21623-E1TUq6b3' }
45 error Please try running this command again as root/Administrator.
46 error System Linux 3.13.0-74-generic
47 error command "/usr/bin/nodejs" "/usr/bin/npm" "install" "adm-zip"
48 error cwd /home/psslass11136/fusion
49 error node -v v0.10.25
50 error npm -v 1.3.10
51 error path /home/psslass11136/tmp/npm-21623-E1TUq6b3
52 error code EACCES
53 error errno 3
54 error stack Error: EACCES, mkdir '/home/psslass11136/tmp/npm-21623-E1TUq6b3'
55 verbose exit [ 3, true ]
